-------------------------------------------------------------------------------
Test set: com.viv.mssc.controller.MSSCBeerControllerTest
-------------------------------------------------------------------------------
Tests run: 1, Failures: 0, Errors: 1, Skipped: 0, Time elapsed: 1.871 s <<< FAILURE! - in com.viv.mssc.controller.MSSCBeerControllerTest
getByID  Time elapsed: 0.002 s  <<< ERROR!
java.lang.IllegalStateException: Failed to load ApplicationContext
Caused by: org.springframework.beans.factory.UnsatisfiedDependencyException: Error creating bean with name 'MSSCBeerController' defined in file [C:\personal\microservices\practice\project\mssc-beer-service\target\classes\com\viv\mssc\controller\MSSCBeerController.class]: Unsatisfied dependency expressed through constructor parameter 0; nested exception is org.springframework.beans.factory.NoSuchBeanDefinitionException: No qualifying bean of type 'com.viv.mssc.service.BeerService' available: expected at least 1 bean which qualifies as autowire candidate. Dependency annotations: {}
Caused by: org.springframework.beans.factory.NoSuchBeanDefinitionException: No qualifying bean of type 'com.viv.mssc.service.BeerService' available: expected at least 1 bean which qualifies as autowire candidate. Dependency annotations: {}

